<?xml version="1.0" encoding="UTF-8"?>
<!-- Generated by org.testng.reporters.JUnitReportReporter -->
<testsuite hostname="Vijay-Vidja" failures="0" tests="1" name="com.vijaytest.logintest" time="23.390" errors="0" timestamp="2023-02-12T13:07:47 IST" skipped="0">
  <testcase classname="com.vijaytest.logintest" name="login_test" time="23.390"/>
  <system-out/>
</testsuite> <!-- com.vijaytest.logintest -->
